<?xml version="1.0" encoding="UTF-8"?>
<!-- Generated by org.testng.reporters.JUnitReportReporter -->
<testsuite name="testSuite.SearchAndDelete" tests="1" time="2.723" ignored="0" failures="0" timestamp="10 Jun 2018 13:21:56 GMT" skipped="0" hostname="PC" errors="0">
  <testcase name="test" time="2.723" classname="testSuite.SearchAndDelete"/>
</testsuite> <!-- testSuite.SearchAndDelete -->
