<?xml version="1.0" encoding="UTF-8"?>
<!-- Generated by org.testng.reporters.JUnitReportReporter -->
<testsuite name="testSuite.AddComputer" tests="1" time="2.702" ignored="0" failures="0" timestamp="10 Jun 2018 13:21:56 GMT" skipped="0" hostname="PC" errors="0">
  <testcase name="test" time="2.702" classname="testSuite.AddComputer"/>
</testsuite> <!-- testSuite.AddComputer -->
