<?xml version="1.0" encoding="UTF-8"?>
<!-- Generated by org.testng.reporters.JUnitReportReporter -->
<testsuite name="testSuite.SearchAndStore" tests="1" time="0.442" ignored="0" failures="0" timestamp="10 Jun 2018 12:06:56 GMT" skipped="0" hostname="PC" errors="0">
  <testcase name="test" time="0.442" classname="testSuite.SearchAndStore"/>
</testsuite> <!-- testSuite.SearchAndStore -->
